<?xml version="1.0" encoding="UTF-8"?>
<!-- Generated by org.testng.reporters.JUnitReportReporter -->
<testsuite hostname="DESKTOP-B1JPLB9" failures="0" tests="1" name="FrameWork.E2EProject2.ValidateNavigationBar" time="0.253" errors="0" timestamp="2021-11-06T17:14:44 IST" skipped="0">
  <testcase classname="FrameWork.E2EProject2.ValidateNavigationBar" name="BaseNavigation" time="0.253"/>
  <system-out/>
</testsuite> <!-- FrameWork.E2EProject2.ValidateNavigationBar -->
