<?xml version="1.0" encoding="UTF-8"?>
<!-- Generated by org.testng.reporters.JUnitReportReporter -->
<testsuite hostname="DESKTOP-B1JPLB9" failures="0" tests="1" name="FrameWork.ValidateNavigationBar" time="0.703" errors="0" timestamp="2021-11-08T01:39:50 IST" skipped="0">
  <testcase classname="FrameWork.ValidateNavigationBar" name="ValidateNavigationBar" time="0.703"/>
  <system-out/>
</testsuite> <!-- FrameWork.ValidateNavigationBar -->
