<?xml version="1.0" encoding="UTF-8"?>
<!-- Generated by org.testng.reporters.JUnitReportReporter -->
<testsuite hostname="DESKTOP-B1JPLB9" failures="0" tests="2" name="FrameWork.E2EProject2.homepage" time="24.181" errors="0" timestamp="2021-11-06T17:14:44 IST" skipped="0">
  <testcase classname="FrameWork.E2EProject2.homepage" name="BaseNavigation" time="20.321"/>
  <system-out/>
  <testcase classname="FrameWork.E2EProject2.homepage" name="BaseNavigation" time="3.860"/>
  <system-out/>
</testsuite> <!-- FrameWork.E2EProject2.homepage -->
