<?xml version="1.0" encoding="UTF-8"?>
<!-- Generated by org.testng.reporters.JUnitReportReporter -->
<testsuite hostname="DESKTOP-B1JPLB9" failures="0" tests="2" name="FrameWork.homepage" time="46.790" errors="0" timestamp="2021-11-08T01:39:50 IST" skipped="0">
  <testcase classname="FrameWork.homepage" name="UserAuthintication" time="41.824"/>
  <system-out/>
  <testcase classname="FrameWork.homepage" name="UserAuthintication" time="4.966"/>
  <system-out/>
</testsuite> <!-- FrameWork.homepage -->
